# JRE version: OpenJDK Runtime Environment Temurin-17.0.11+9 (17.0.11+9) (build 17.0.11+9)
# Java VM: OpenJDK 64-Bit Server VM Temurin-17.0.11+9 (17.0.11+9, mixed mode, tiered, compressed oops, compressed class ptrs, parallel gc, windows-amd64)
GC Precious Log:
 CPUs: 8 total, 8 available
 Memory: 6030M
 Large Page Support: Disabled
 NUMA Support: Disabled
 Compressed Oops: Enabled (32-bit)
 Alignments: Space 512K, Generation 512K, Heap 2M
 Heap Min Capacity: 100M
 Heap Initial Capacity: 100M
 Heap Max Capacity: 1G
 Pre-touch: Disabled
 Parallel Workers: 8
Heap:
 PSYoungGen      total 13312K, used 11899K [0x00000000eab00000, 0x00000000ebe00000, 0x0000000100000000)
  eden space 10240K, 89% used [0x00000000eab00000,0x00000000eb3ed920,0x00000000eb500000)
  from space 3072K, 89% used [0x00000000eb500000,0x00000000eb7b1320,0x00000000eb800000)
  to   space 4608K, 0% used [0x00000000eb980000,0x00000000eb980000,0x00000000ebe00000)
 ParOldGen       total 282112K, used 238820K [0x00000000c0000000, 0x00000000d1380000, 0x00000000eab00000)
  object space 282112K, 84% used [0x00000000c0000000,0x00000000ce9391e8,0x00000000d1380000)
 Metaspace       used 75951K, committed 77184K, reserved 1179648K
  class space    used 8130K, committed 8704K, reserved 1048576K
GC Heap History (20 events):
Event: 69.876 GC heap before
{Heap before GC invocations=366 (full 14):
 PSYoungGen      total 12288K, used 11940K [0x00000000eab00000, 0x00000000ebe80000, 0x0000000100000000)
  eden space 8704K, 98% used [0x00000000eab00000,0x00000000eb357090,0x00000000eb380000)
  from space 3584K, 94% used [0x00000000eb580000,0x00000000eb8d2060,0x00000000eb900000)
  to   space 4096K, 0% used [0x00000000eba80000,0x00000000eba80000,0x00000000ebe80000)
 ParOldGen       total 401408K, used 388304K [0x00000000c0000000, 0x00000000d8800000, 0x00000000eab00000)
  object space 401408K, 96% used [0x00000000c0000000,0x00000000d7b34300,0x00000000d8800000)
 Metaspace       used 74748K, committed 75968K, reserved 1179648K
  class space    used 8093K, committed 8640K, reserved 1048576K
}
Event: 69.885 GC heap after
{Heap after GC invocations=366 (full 14):
 PSYoungGen      total 13312K, used 4072K [0x00000000eab00000, 0x00000000ec180000, 0x0000000100000000)
  eden space 9216K, 0% used [0x00000000eab00000,0x00000000eab00000,0x00000000eb400000)
  from space 4096K, 99% used [0x00000000eba80000,0x00000000ebe7a060,0x00000000ebe80000)
  to   space 6656K, 0% used [0x00000000eb400000,0x00000000eb400000,0x00000000eba80000)
 ParOldGen       total 401408K, used 390296K [0x00000000c0000000, 0x00000000d8800000, 0x00000000eab00000)
  object space 401408K, 97% used [0x00000000c0000000,0x00000000d7d26300,0x00000000d8800000)
 Metaspace       used 74748K, committed 75968K, reserved 1179648K
  class space    used 8093K, committed 8640K, reserved 1048576K
}
Event: 70.012 GC heap before
{Heap before GC invocations=367 (full 14):
 PSYoungGen      total 13312K, used 13288K [0x00000000eab00000, 0x00000000ec180000, 0x0000000100000000)
  eden space 9216K, 100% used [0x00000000eab00000,0x00000000eb400000,0x00000000eb400000)
  from space 4096K, 99% used [0x00000000eba80000,0x00000000ebe7a060,0x00000000ebe80000)
  to   space 6656K, 0% used [0x00000000eb400000,0x00000000eb400000,0x00000000eba80000)
 ParOldGen       total 401408K, used 390296K [0x00000000c0000000, 0x00000000d8800000, 0x00000000eab00000)
  object space 401408K, 97% used [0x00000000c0000000,0x00000000d7d26300,0x00000000d8800000)
 Metaspace       used 74773K, committed 75968K, reserved 1179648K
  class space    used 8093K, committed 8640K, reserved 1048576K
}
Event: 70.026 GC heap after
{Heap after GC invocations=367 (full 14):
 PSYoungGen      total 15872K, used 6644K [0x00000000eab00000, 0x00000000ed100000, 0x0000000100000000)
  eden space 9216K, 0% used [0x00000000eab00000,0x00000000eab00000,0x00000000eb400000)
  from space 6656K, 99% used [0x00000000eb400000,0x00000000eba7d398,0x00000000eba80000)
  to   space 14336K, 0% used [0x00000000ec300000,0x00000000ec300000,0x00000000ed100000)
 ParOldGen       total 401408K, used 396537K [0x00000000c0000000, 0x00000000d8800000, 0x00000000eab00000)
  object space 401408K, 98% used [0x00000000c0000000,0x00000000d833e480,0x00000000d8800000)
 Metaspace       used 74773K, committed 75968K, reserved 1179648K
  class space    used 8093K, committed 8640K, reserved 1048576K
}
Event: 70.027 GC heap before
{Heap before GC invocations=368 (full 15):
 PSYoungGen      total 15872K, used 6644K [0x00000000eab00000, 0x00000000ed100000, 0x0000000100000000)
  eden space 9216K, 0% used [0x00000000eab00000,0x00000000eab00000,0x00000000eb400000)
  from space 6656K, 99% used [0x00000000eb400000,0x00000000eba7d398,0x00000000eba80000)
  to   space 14336K, 0% used [0x00000000ec300000,0x00000000ec300000,0x00000000ed100000)
 ParOldGen       total 401408K, used 396537K [0x00000000c0000000, 0x00000000d8800000, 0x00000000eab00000)
  object space 401408K, 98% used [0x00000000c0000000,0x00000000d833e480,0x00000000d8800000)
 Metaspace       used 74773K, committed 75968K, reserved 1179648K
  class space    used 8093K, committed 8640K, reserved 1048576K
}
Event: 70.296 GC heap after
{Heap after GC invocations=368 (full 15):
 PSYoungGen      total 24576K, used 0K [0x00000000eab00000, 0x00000000ed100000, 0x0000000100000000)
  eden space 10240K, 0% used [0x00000000eab00000,0x00000000eab00000,0x00000000eb500000)
  from space 14336K, 0% used [0x00000000ec300000,0x00000000ec300000,0x00000000ed100000)
  to   space 14336K, 0% used [0x00000000eb500000,0x00000000eb500000,0x00000000ec300000)
 ParOldGen       total 282112K, used 227053K [0x00000000c0000000, 0x00000000d1380000, 0x00000000eab00000)
  object space 282112K, 80% used [0x00000000c0000000,0x00000000cddbb6d8,0x00000000d1380000)
 Metaspace       used 74773K, committed 75968K, reserved 1179648K
  class space    used 8093K, committed 8640K, reserved 1048576K
}
Event: 70.993 GC heap before
{Heap before GC invocations=369 (full 15):
 PSYoungGen      total 24576K, used 10240K [0x00000000eab00000, 0x00000000ed100000, 0x0000000100000000)
  eden space 10240K, 100% used [0x00000000eab00000,0x00000000eb500000,0x00000000eb500000)
  from space 14336K, 0% used [0x00000000ec300000,0x00000000ec300000,0x00000000ed100000)
  to   space 14336K, 0% used [0x00000000eb500000,0x00000000eb500000,0x00000000ec300000)
 ParOldGen       total 282112K, used 227053K [0x00000000c0000000, 0x00000000d1380000, 0x00000000eab00000)
  object space 282112K, 80% used [0x00000000c0000000,0x00000000cddbb6d8,0x00000000d1380000)
 Metaspace       used 74835K, committed 76032K, reserved 1179648K
  class space    used 8094K, committed 8640K, reserved 1048576K
}
Event: 71.003 GC heap after
{Heap after GC invocations=369 (full 15):
 PSYoungGen      total 15872K, used 5601K [0x00000000eab00000, 0x00000000ec700000, 0x0000000100000000)
  eden space 10240K, 0% used [0x00000000eab00000,0x00000000eab00000,0x00000000eb500000)
  from space 5632K, 99% used [0x00000000eb500000,0x00000000eba78678,0x00000000eba80000)
  to   space 8704K, 0% used [0x00000000ebe80000,0x00000000ebe80000,0x00000000ec700000)
 ParOldGen       total 282112K, used 227061K [0x00000000c0000000, 0x00000000d1380000, 0x00000000eab00000)
  object space 282112K, 80% used [0x00000000c0000000,0x00000000cddbd6d8,0x00000000d1380000)
 Metaspace       used 74835K, committed 76032K, reserved 1179648K
  class space    used 8094K, committed 8640K, reserved 1048576K
}
Event: 73.409 GC heap before
{Heap before GC invocations=370 (full 15):
 PSYoungGen      total 15872K, used 15773K [0x00000000eab00000, 0x00000000ec700000, 0x0000000100000000)
  eden space 10240K, 99% used [0x00000000eab00000,0x00000000eb4ef100,0x00000000eb500000)
  from space 5632K, 99% used [0x00000000eb500000,0x00000000eba78678,0x00000000eba80000)
  to   space 8704K, 0% used [0x00000000ebe80000,0x00000000ebe80000,0x00000000ec700000)
 ParOldGen       total 282112K, used 227061K [0x00000000c0000000, 0x00000000d1380000, 0x00000000eab00000)
  object space 282112K, 80% used [0x00000000c0000000,0x00000000cddbd6d8,0x00000000d1380000)
 Metaspace       used 74956K, committed 76224K, reserved 1179648K
  class space    used 8102K, committed 8640K, reserved 1048576K
}
Event: 73.419 GC heap after
{Heap after GC invocations=370 (full 15):
 PSYoungGen      total 17408K, used 7086K [0x00000000eab00000, 0x00000000ec580000, 0x0000000100000000)
  eden space 10240K, 0% used [0x00000000eab00000,0x00000000eab00000,0x00000000eb500000)
  from space 7168K, 98% used [0x00000000ebe80000,0x00000000ec56b980,0x00000000ec580000)
  to   space 7680K, 0% used [0x00000000eb680000,0x00000000eb680000,0x00000000ebe00000)
 ParOldGen       total 282112K, used 227069K [0x00000000c0000000, 0x00000000d1380000, 0x00000000eab00000)
  object space 282112K, 80% used [0x00000000c0000000,0x00000000cddbf6d8,0x00000000d1380000)
 Metaspace       used 74956K, committed 76224K, reserved 1179648K
  class space    used 8102K, committed 8640K, reserved 1048576K
}
Event: 73.834 GC heap before
{Heap before GC invocations=371 (full 15):
 PSYoungGen      total 17408K, used 17326K [0x00000000eab00000, 0x00000000ec580000, 0x0000000100000000)
  eden space 10240K, 99% used [0x00000000eab00000,0x00000000eb4fffe8,0x00000000eb500000)
  from space 7168K, 98% used [0x00000000ebe80000,0x00000000ec56b980,0x00000000ec580000)
  to   space 7680K, 0% used [0x00000000eb680000,0x00000000eb680000,0x00000000ebe00000)
 ParOldGen       total 282112K, used 227069K [0x00000000c0000000, 0x00000000d1380000, 0x00000000eab00000)
  object space 282112K, 80% used [0x00000000c0000000,0x00000000cddbf6d8,0x00000000d1380000)
 Metaspace       used 75032K, committed 76288K, reserved 1179648K
  class space    used 8103K, committed 8640K, reserved 1048576K
}
Event: 73.843 GC heap after
{Heap after GC invocations=371 (full 15):
 PSYoungGen      total 17920K, used 7672K [0x00000000eab00000, 0x00000000ec500000, 0x0000000100000000)
  eden space 10240K, 0% used [0x00000000eab00000,0x00000000eab00000,0x00000000eb500000)
  from space 7680K, 99% used [0x00000000eb680000,0x00000000ebdfe128,0x00000000ebe00000)
  to   space 7168K, 0% used [0x00000000ebe00000,0x00000000ebe00000,0x00000000ec500000)
 ParOldGen       total 282112K, used 227357K [0x00000000c0000000, 0x00000000d1380000, 0x00000000eab00000)
  object space 282112K, 80% used [0x00000000c0000000,0x00000000cde076d8,0x00000000d1380000)
 Metaspace       used 75032K, committed 76288K, reserved 1179648K
  class space    used 8103K, committed 8640K, reserved 1048576K
}
Event: 74.635 GC heap before
{Heap before GC invocations=372 (full 15):
 PSYoungGen      total 17920K, used 17912K [0x00000000eab00000, 0x00000000ec500000, 0x0000000100000000)
  eden space 10240K, 100% used [0x00000000eab00000,0x00000000eb500000,0x00000000eb500000)
  from space 7680K, 99% used [0x00000000eb680000,0x00000000ebdfe128,0x00000000ebe00000)
  to   space 7168K, 0% used [0x00000000ebe00000,0x00000000ebe00000,0x00000000ec500000)
 ParOldGen       total 282112K, used 227357K [0x00000000c0000000, 0x00000000d1380000, 0x00000000eab00000)
  object space 282112K, 80% used [0x00000000c0000000,0x00000000cde076d8,0x00000000d1380000)
 Metaspace       used 75129K, committed 76352K, reserved 1179648K
  class space    used 8103K, committed 8640K, reserved 1048576K
}
Event: 74.644 GC heap after
{Heap after GC invocations=372 (full 15):
 PSYoungGen      total 11776K, used 1191K [0x00000000eab00000, 0x00000000ebf80000, 0x0000000100000000)
  eden space 10240K, 0% used [0x00000000eab00000,0x00000000eab00000,0x00000000eb500000)
  from space 1536K, 77% used [0x00000000ebe00000,0x00000000ebf29fd0,0x00000000ebf80000)
  to   space 4096K, 0% used [0x00000000eb780000,0x00000000eb780000,0x00000000ebb80000)
 ParOldGen       total 282112K, used 233848K [0x00000000c0000000, 0x00000000d1380000, 0x00000000eab00000)
  object space 282112K, 82% used [0x00000000c0000000,0x00000000ce45e068,0x00000000d1380000)
 Metaspace       used 75129K, committed 76352K, reserved 1179648K
  class space    used 8103K, committed 8640K, reserved 1048576K
}
Event: 78.231 GC heap before
{Heap before GC invocations=373 (full 15):
 PSYoungGen      total 11776K, used 11431K [0x00000000eab00000, 0x00000000ebf80000, 0x0000000100000000)
  eden space 10240K, 100% used [0x00000000eab00000,0x00000000eb500000,0x00000000eb500000)
  from space 1536K, 77% used [0x00000000ebe00000,0x00000000ebf29fd0,0x00000000ebf80000)
  to   space 4096K, 0% used [0x00000000eb780000,0x00000000eb780000,0x00000000ebb80000)
 ParOldGen       total 282112K, used 233848K [0x00000000c0000000, 0x00000000d1380000, 0x00000000eab00000)
  object space 282112K, 82% used [0x00000000c0000000,0x00000000ce45e068,0x00000000d1380000)
 Metaspace       used 75332K, committed 76544K, reserved 1179648K
  class space    used 8118K, committed 8704K, reserved 1048576K
}
Event: 78.237 GC heap after
{Heap after GC invocations=373 (full 15):
 PSYoungGen      total 14336K, used 1095K [0x00000000eab00000, 0x00000000ebe80000, 0x0000000100000000)
  eden space 10240K, 0% used [0x00000000eab00000,0x00000000eab00000,0x00000000eb500000)
  from space 4096K, 26% used [0x00000000eb780000,0x00000000eb891fb0,0x00000000ebb80000)
  to   space 2048K, 0% used [0x00000000ebc80000,0x00000000ebc80000,0x00000000ebe80000)
 ParOldGen       total 282112K, used 233856K [0x00000000c0000000, 0x00000000d1380000, 0x00000000eab00000)
  object space 282112K, 82% used [0x00000000c0000000,0x00000000ce460068,0x00000000d1380000)
 Metaspace       used 75332K, committed 76544K, reserved 1179648K
  class space    used 8118K, committed 8704K, reserved 1048576K
}
Event: 79.435 GC heap before
{Heap before GC invocations=374 (full 15):
 PSYoungGen      total 14336K, used 11335K [0x00000000eab00000, 0x00000000ebe80000, 0x0000000100000000)
  eden space 10240K, 100% used [0x00000000eab00000,0x00000000eb500000,0x00000000eb500000)
  from space 4096K, 26% used [0x00000000eb780000,0x00000000eb891fb0,0x00000000ebb80000)
  to   space 2048K, 0% used [0x00000000ebc80000,0x00000000ebc80000,0x00000000ebe80000)
 ParOldGen       total 282112K, used 233856K [0x00000000c0000000, 0x00000000d1380000, 0x00000000eab00000)
  object space 282112K, 82% used [0x00000000c0000000,0x00000000ce460068,0x00000000d1380000)
 Metaspace       used 75566K, committed 76800K, reserved 1179648K
  class space    used 8120K, committed 8704K, reserved 1048576K
}
Event: 79.443 GC heap after
{Heap after GC invocations=374 (full 15):
 PSYoungGen      total 12288K, used 2028K [0x00000000eab00000, 0x00000000ec400000, 0x0000000100000000)
  eden space 10240K, 0% used [0x00000000eab00000,0x00000000eab00000,0x00000000eb500000)
  from space 2048K, 99% used [0x00000000ebc80000,0x00000000ebe7b2a0,0x00000000ebe80000)
  to   space 7680K, 0% used [0x00000000eb500000,0x00000000eb500000,0x00000000ebc80000)
 ParOldGen       total 282112K, used 238388K [0x00000000c0000000, 0x00000000d1380000, 0x00000000eab00000)
  object space 282112K, 84% used [0x00000000c0000000,0x00000000ce8cd258,0x00000000d1380000)
 Metaspace       used 75566K, committed 76800K, reserved 1179648K
  class space    used 8120K, committed 8704K, reserved 1048576K
}
Event: 83.346 GC heap before
{Heap before GC invocations=375 (full 15):
 PSYoungGen      total 12288K, used 12268K [0x00000000eab00000, 0x00000000ec400000, 0x0000000100000000)
  eden space 10240K, 100% used [0x00000000eab00000,0x00000000eb500000,0x00000000eb500000)
  from space 2048K, 99% used [0x00000000ebc80000,0x00000000ebe7b2a0,0x00000000ebe80000)
  to   space 7680K, 0% used [0x00000000eb500000,0x00000000eb500000,0x00000000ebc80000)
 ParOldGen       total 282112K, used 238388K [0x00000000c0000000, 0x00000000d1380000, 0x00000000eab00000)
  object space 282112K, 84% used [0x00000000c0000000,0x00000000ce8cd258,0x00000000d1380000)
 Metaspace       used 75872K, committed 77056K, reserved 1179648K
  class space    used 8130K, committed 8704K, reserved 1048576K
}
Event: 83.350 GC heap after
{Heap after GC invocations=375 (full 15):
 PSYoungGen      total 13312K, used 2756K [0x00000000eab00000, 0x00000000ebe00000, 0x0000000100000000)
  eden space 10240K, 0% used [0x00000000eab00000,0x00000000eab00000,0x00000000eb500000)
  from space 3072K, 89% used [0x00000000eb500000,0x00000000eb7b1320,0x00000000eb800000)
  to   space 4608K, 0% used [0x00000000eb980000,0x00000000eb980000,0x00000000ebe00000)
 ParOldGen       total 282112K, used 238820K [0x00000000c0000000, 0x00000000d1380000, 0x00000000eab00000)
  object space 282112K, 84% used [0x00000000c0000000,0x00000000ce9391e8,0x00000000d1380000)
 Metaspace       used 75872K, committed 77056K, reserved 1179648K
  class space    used 8130K, committed 8704K, reserved 1048576K
}

